<?xml version="1.0" encoding="UTF-8"?>
<testsuite xmlns:xsi="http://www.w3.org/2001/XMLSchema-instance" xsi:noNamespaceSchemaLocation="https://maven.apache.org/surefire/maven-surefire-plugin/xsd/surefire-test-report.xsd" name="com.open.spring.BankAccountTest" time="0.035" tests="10" errors="0" skipped="0" failures="7">
  <properties>
[...]
</properties>
  <testcase name="testMultipleAccounts" classname="com.open.spring.BankAccountTest" time="0.008">
    <failure message="expected:&lt;100&gt; but was:&lt;0&gt;" type="java.lang.AssertionError"><![CDATA[java.lang.AssertionError: expected:<100> but was:<0>
	at com.open.spring.BankAccountTest.testMultipleAccounts(BankAccountTest.java:66)
]]></failure>
  </testcase>
  <testcase name="testMaxScoreConstant" classname="com.open.spring.BankAccountTest" time="0"/>
  <testcase name="testInitialBalance" classname="com.open.spring.BankAccountTest" time="0"/>
  <testcase name="testPercentOfMax" classname="com.open.spring.BankAccountTest" time="0">
    <failure message="Use assertEquals(expected, actual, delta) to compare floating-point numbers" type="java.lang.AssertionError">java.lang.AssertionError: Use assertEquals(expected, actual, delta) to compare floating-point numbers
	at com.open.spring.BankAccountTest.testPercentOfMax(BankAccountTest.java:88)
</failure>
  </testcase>
  <testcase name="testResetBalance" classname="com.open.spring.BankAccountTest" time="0"/>
  <testcase name="testDeposit" classname="com.open.spring.BankAccountTest" time="0">
    <failure message="expected:&lt;55&gt; but was:&lt;0&gt;" type="java.lang.AssertionError"><![CDATA[java.lang.AssertionError: expected:<55> but was:<0>
	at com.open.spring.BankAccountTest.testDeposit(BankAccountTest.java:44)
]]></failure>
  </testcase>
  <testcase name="testTotalBalance" classname="com.open.spring.BankAccountTest" time="0.001">
    <failure message="expected:&lt;50&gt; but was:&lt;0&gt;" type="java.lang.AssertionError"><![CDATA[java.lang.AssertionError: expected:<50> but was:<0>
	at com.open.spring.BankAccountTest.testTotalBalance(BankAccountTest.java:55)
]]></failure>
  </testcase>
  <testcase name="testHasReachedMax" classname="com.open.spring.BankAccountTest" time="0">
    <failure type="java.lang.AssertionError">java.lang.AssertionError
	at com.open.spring.BankAccountTest.testHasReachedMax(BankAccountTest.java:97)
</failure>
  </testcase>
  <testcase name="testAccountCount" classname="com.open.spring.BankAccountTest" time="0.001">
    <failure message="expected:&lt;3&gt; but was:&lt;0&gt;" type="java.lang.AssertionError"><![CDATA[java.lang.AssertionError: expected:<3> but was:<0>
	at com.open.spring.BankAccountTest.testAccountCount(BankAccountTest.java:20)
]]></failure>
  </testcase>
  <testcase name="testAccountNames" classname="com.open.spring.BankAccountTest" time="0.001">
    <failure message="expected:&lt;[Alice]&gt; but was:&lt;[]&gt;" type="org.junit.ComparisonFailure"><![CDATA[org.junit.ComparisonFailure: expected:<[Alice]> but was:<[]>
	at com.open.spring.BankAccountTest.testAccountNames(BankAccountTest.java:34)
]]></failure>
  </testcase>
</testsuite>